<?xml version="1.0" encoding="UTF-8"?>
<!-- Generated by org.testng.reporters.JUnitXMLReporter -->
<testsuite hostname="LAPTOP-GGQTNJJE" ignored="0" name="testpage" tests="0" failures="0" timestamp="2023-03-16T17:26:58 IST" time="0.068" errors="0">
  <testcase name="@BeforeClass setUpClass" time="0.039" classname="io.cucumber.testng.AbstractTestNGCucumberTests">
    <failure type="io.cucumber.core.exception.CucumberException" message="Failed to parse &amp;apos;cucumber.publish.enabled&amp;apos; with value &amp;apos;true  &amp;apos;">
      <![CDATA[io.cucumber.core.exception.CucumberException: Failed to parse 'cucumber.publish.enabled' with value 'true  '
at io.cucumber.core.options.CucumberPropertiesParser.parseAll(CucumberPropertiesParser.java:147)
at io.cucumber.core.options.CucumberPropertiesParser.parse(CucumberPropertiesParser.java:132)
at io.cucumber.core.options.CucumberPropertiesParser.parse(CucumberPropertiesParser.java:106)
at io.cucumber.core.options.CucumberPropertiesParser.parse(CucumberPropertiesParser.java:40)
at io.cucumber.testng.TestNGCucumberRunner.<init>(TestNGCucumberRunner.java:80)
at io.cucumber.testng.AbstractTestNGCucumberTests.setUpClass(AbstractTestNGCucumberTests.java:27)
at java.util.ArrayList.forEach(ArrayList.java:1257)
Caused by: java.lang.IllegalArgumentException: 'true  ' Was not a valid boolean value. Please use either 'true' or 'false'.
at io.cucumber.core.options.BooleanString.parseBoolean(BooleanString.java:29)
at java.util.function.Function.lambda$andThen$1(Function.java:88)
at io.cucumber.core.options.CucumberPropertiesParser.parseAll(CucumberPropertiesParser.java:144)
... 31 more
... Removed 25 stack frames]]>
    </failure>
  </testcase> <!-- @BeforeClass setUpClass -->
</testsuite> <!-- testpage -->
