<?xml version="1.0" encoding="UTF-8"?>
<testng-results skipped="0" failed="0" ignored="0" total="5" passed="5">
  <reporter-output>
  </reporter-output>
  <suite name="Default suite" duration-ms="65547" started-at="2023-03-16T17:31:24 IST" finished-at="2023-03-16T17:32:30 IST">
    <groups>
      <group name="cucumber">
        <method signature="AbstractTestNGCucumberTests.runScenario(io.cucumber.testng.PickleWrapper,io.cucumber.testng.FeatureWrapper)[pri:0, instance:Runner.ProductStoreRunner@646007f4]" name="runScenario" class="io.cucumber.testng.AbstractTestNGCucumberTests"/>
      </group> <!-- cucumber -->
    </groups>
    <test name="Default test" duration-ms="65547" started-at="2023-03-16T17:31:24 IST" finished-at="2023-03-16T17:32:30 IST">
      <class name="Runner.ProductStoreRunner">
        <test-method status="PASS" signature="setUpClass(org.testng.ITestContext)[pri:0, instance:Runner.ProductStoreRunner@646007f4]" name="setUpClass" is-config="true" duration-ms="5964" started-at="2023-03-16T17:31:24 IST" finished-at="2023-03-16T17:31:30 IST">
          <params>
            <param index="0">
              <value>
                <![CDATA[org.testng.TestRunner@33956d1a]]>
              </value>
            </param>
          </params>
          <reporter-output>
          </reporter-output>
        </test-method> <!-- setUpClass -->
        <test-method status="PASS" signature="runScenario(io.cucumber.testng.PickleWrapper,io.cucumber.testng.FeatureWrapper)[pri:0, instance:Runner.ProductStoreRunner@646007f4]" name="runScenario" duration-ms="9760" started-at="2023-03-16T17:31:30 IST" description="Runs Cucumber Scenarios" data-provider="scenarios" finished-at="2023-03-16T17:31:40 IST">
          <params>
            <param index="0">
              <value>
                <![CDATA["Login into app"]]>
              </value>
            </param>
            <param index="1">
              <value>
                <![CDATA["ProductStore"]]>
              </value>
            </param>
          </params>
          <reporter-output>
          </reporter-output>
        </test-method> <!-- runScenario -->
        <test-method status="PASS" signature="runScenario(io.cucumber.testng.PickleWrapper,io.cucumber.testng.FeatureWrapper)[pri:0, instance:Runner.ProductStoreRunner@646007f4]" name="runScenario" duration-ms="12394" started-at="2023-03-16T17:31:40 IST" description="Runs Cucumber Scenarios" data-provider="scenarios" finished-at="2023-03-16T17:31:52 IST">
          <params>
            <param index="0">
              <value>
                <![CDATA["Add Item To Cart"]]>
              </value>
            </param>
            <param index="1">
              <value>
                <![CDATA["ProductStore"]]>
              </value>
            </param>
          </params>
          <reporter-output>
          </reporter-output>
        </test-method> <!-- runScenario -->
        <test-method status="PASS" signature="runScenario(io.cucumber.testng.PickleWrapper,io.cucumber.testng.FeatureWrapper)[pri:0, instance:Runner.ProductStoreRunner@646007f4]" name="runScenario" duration-ms="11583" started-at="2023-03-16T17:31:52 IST" description="Runs Cucumber Scenarios" data-provider="scenarios" finished-at="2023-03-16T17:32:04 IST">
          <params>
            <param index="0">
              <value>
                <![CDATA["Add Item To Cart"]]>
              </value>
            </param>
            <param index="1">
              <value>
                <![CDATA["ProductStore"]]>
              </value>
            </param>
          </params>
          <reporter-output>
          </reporter-output>
        </test-method> <!-- runScenario -->
        <test-method status="PASS" signature="runScenario(io.cucumber.testng.PickleWrapper,io.cucumber.testng.FeatureWrapper)[pri:0, instance:Runner.ProductStoreRunner@646007f4]" name="runScenario" duration-ms="10853" started-at="2023-03-16T17:32:04 IST" description="Runs Cucumber Scenarios" data-provider="scenarios" finished-at="2023-03-16T17:32:15 IST">
          <params>
            <param index="0">
              <value>
                <![CDATA["Delete an Item  from Cart"]]>
              </value>
            </param>
            <param index="1">
              <value>
                <![CDATA["ProductStore"]]>
              </value>
            </param>
          </params>
          <reporter-output>
          </reporter-output>
        </test-method> <!-- runScenario -->
        <test-method status="PASS" signature="runScenario(io.cucumber.testng.PickleWrapper,io.cucumber.testng.FeatureWrapper)[pri:0, instance:Runner.ProductStoreRunner@646007f4]" name="runScenario" duration-ms="10736" started-at="2023-03-16T17:32:15 IST" description="Runs Cucumber Scenarios" data-provider="scenarios" finished-at="2023-03-16T17:32:25 IST">
          <params>
            <param index="0">
              <value>
                <![CDATA["Purchase Items"]]>
              </value>
            </param>
            <param index="1">
              <value>
                <![CDATA["ProductStore"]]>
              </value>
            </param>
          </params>
          <reporter-output>
          </reporter-output>
        </test-method> <!-- runScenario -->
        <test-method status="PASS" signature="tearDownClass()[pri:0, instance:Runner.ProductStoreRunner@646007f4]" name="tearDownClass" is-config="true" duration-ms="4217" started-at="2023-03-16T17:32:25 IST" finished-at="2023-03-16T17:32:30 IST">
          <reporter-output>
          </reporter-output>
        </test-method> <!-- tearDownClass -->
      </class> <!-- Runner.ProductStoreRunner -->
    </test> <!-- Default test -->
  </suite> <!-- Default suite -->
</testng-results>
